Start testing: Jul 23 13:47 -03
----------------------------------------------------------
1/1 Testing: StateTrackerTest
1/1 Test: StateTrackerTest
Command: "/home/ubuntu/projects/braille-drawer/build/statetracker_test"
Directory: /home/ubuntu/projects/braille-drawer/build
"StateTrackerTest" start time: Jul 23 13:47 -03
Output:
----------------------------------------------------------
********* Start testing of TestStateTracker *********
Config: Using QtTest library 6.7.2, Qt 6.7.2 (x86_64-little_endian-lp64 shared (dynamic) release build; by GCC 10.3.1 20210422 (Red Hat 10.3.1-1)), ubuntu 22.04
PASS   : TestStateTracker::initTestCase()
PASS   : TestStateTracker::testUndo()
PASS   : TestStateTracker::testUndoRedo()
PASS   : TestStateTracker::testEdge()
PASS   : TestStateTracker::cleanupTestCase()
Totals: 5 passed, 0 failed, 0 skipped, 0 blacklisted, 1438ms
********* Finished testing of TestStateTracker *********
<end of output>
Test time =   1.50 sec
----------------------------------------------------------
Test Passed.
"StateTrackerTest" end time: Jul 23 13:47 -03
"StateTrackerTest" time elapsed: 00:00:01
----------------------------------------------------------

End testing: Jul 23 13:47 -03
